2017-03-26 01:06:12 DEBUG DatabaseIntrospector:46 - Retrieving column information for table "user"
2017-03-26 01:06:12 DEBUG DatabaseIntrospector:46 - Found column "id", data type 4, in table "mybatis..user"
2017-03-26 01:06:12 DEBUG DatabaseIntrospector:46 - Found column "username", data type 12, in table "mybatis..user"
2017-03-26 01:06:12 DEBUG DatabaseIntrospector:46 - Found column "birthday", data type 91, in table "mybatis..user"
2017-03-26 01:06:12 DEBUG DatabaseIntrospector:46 - Found column "sex", data type 1, in table "mybatis..user"
2017-03-26 01:06:12 DEBUG DatabaseIntrospector:46 - Found column "address", data type 12, in table "mybatis..user"
2017-03-26 01:06:12 DEBUG DatabaseIntrospector:46 - Retrieving column information for table "items"
2017-03-26 01:06:12 DEBUG DatabaseIntrospector:46 - Found column "id", data type 4, in table "mybatis..items"
2017-03-26 01:06:12 DEBUG DatabaseIntrospector:46 - Found column "name", data type 12, in table "mybatis..items"
2017-03-26 01:06:12 DEBUG DatabaseIntrospector:46 - Found column "price", data type 7, in table "mybatis..items"
2017-03-26 01:06:12 DEBUG DatabaseIntrospector:46 - Found column "detail", data type -1, in table "mybatis..items"
2017-03-26 01:06:12 DEBUG DatabaseIntrospector:46 - Found column "pic", data type 12, in table "mybatis..items"
2017-03-26 01:06:12 DEBUG DatabaseIntrospector:46 - Found column "createtime", data type 93, in table "mybatis..items"
2017-03-26 01:06:12 DEBUG DatabaseIntrospector:46 - Retrieving column information for table "orders"
2017-03-26 01:06:12 DEBUG DatabaseIntrospector:46 - Found column "id", data type 4, in table "mybatis..orders"
2017-03-26 01:06:12 DEBUG DatabaseIntrospector:46 - Found column "user_id", data type 4, in table "mybatis..orders"
2017-03-26 01:06:12 DEBUG DatabaseIntrospector:46 - Found column "number", data type 12, in table "mybatis..orders"
2017-03-26 01:06:12 DEBUG DatabaseIntrospector:46 - Found column "createtime", data type 93, in table "mybatis..orders"
2017-03-26 01:06:12 DEBUG DatabaseIntrospector:46 - Found column "note", data type 12, in table "mybatis..orders"
2017-03-26 01:06:12 DEBUG DatabaseIntrospector:46 - Retrieving column information for table "orderdetail"
2017-03-26 01:06:12 DEBUG DatabaseIntrospector:46 - Found column "id", data type 4, in table "mybatis..orderdetail"
2017-03-26 01:06:12 DEBUG DatabaseIntrospector:46 - Found column "orders_id", data type 4, in table "mybatis..orderdetail"
2017-03-26 01:06:12 DEBUG DatabaseIntrospector:46 - Found column "items_id", data type 4, in table "mybatis..orderdetail"
2017-03-26 01:06:12 DEBUG DatabaseIntrospector:46 - Found column "items_num", data type 4, in table "mybatis..orderdetail"
2017-03-26 02:27:42 DEBUG DatabaseIntrospector:46 - Retrieving column information for table "user"
2017-03-26 02:27:42 DEBUG DatabaseIntrospector:46 - Found column "id", data type 4, in table "mybatis..user"
2017-03-26 02:27:42 DEBUG DatabaseIntrospector:46 - Found column "username", data type 12, in table "mybatis..user"
2017-03-26 02:27:42 DEBUG DatabaseIntrospector:46 - Found column "birthday", data type 91, in table "mybatis..user"
2017-03-26 02:27:42 DEBUG DatabaseIntrospector:46 - Found column "sex", data type 1, in table "mybatis..user"
2017-03-26 02:27:42 DEBUG DatabaseIntrospector:46 - Found column "address", data type 12, in table "mybatis..user"
2017-03-26 02:27:42 DEBUG DatabaseIntrospector:46 - Retrieving column information for table "items"
2017-03-26 02:27:42 DEBUG DatabaseIntrospector:46 - Found column "id", data type 4, in table "mybatis..items"
2017-03-26 02:27:42 DEBUG DatabaseIntrospector:46 - Found column "name", data type 12, in table "mybatis..items"
2017-03-26 02:27:42 DEBUG DatabaseIntrospector:46 - Found column "price", data type 7, in table "mybatis..items"
2017-03-26 02:27:42 DEBUG DatabaseIntrospector:46 - Found column "detail", data type -1, in table "mybatis..items"
2017-03-26 02:27:42 DEBUG DatabaseIntrospector:46 - Found column "pic", data type 12, in table "mybatis..items"
2017-03-26 02:27:42 DEBUG DatabaseIntrospector:46 - Found column "createtime", data type 93, in table "mybatis..items"
2017-03-26 02:27:42 DEBUG DatabaseIntrospector:46 - Retrieving column information for table "orders"
2017-03-26 02:27:42 DEBUG DatabaseIntrospector:46 - Found column "id", data type 4, in table "mybatis..orders"
2017-03-26 02:27:42 DEBUG DatabaseIntrospector:46 - Found column "user_id", data type 4, in table "mybatis..orders"
2017-03-26 02:27:42 DEBUG DatabaseIntrospector:46 - Found column "number", data type 12, in table "mybatis..orders"
2017-03-26 02:27:42 DEBUG DatabaseIntrospector:46 - Found column "createtime", data type 93, in table "mybatis..orders"
2017-03-26 02:27:42 DEBUG DatabaseIntrospector:46 - Found column "note", data type 12, in table "mybatis..orders"
2017-03-26 02:27:42 DEBUG DatabaseIntrospector:46 - Retrieving column information for table "orderdetail"
2017-03-26 02:27:42 DEBUG DatabaseIntrospector:46 - Found column "id", data type 4, in table "mybatis..orderdetail"
2017-03-26 02:27:42 DEBUG DatabaseIntrospector:46 - Found column "orders_id", data type 4, in table "mybatis..orderdetail"
2017-03-26 02:27:42 DEBUG DatabaseIntrospector:46 - Found column "items_id", data type 4, in table "mybatis..orderdetail"
2017-03-26 02:27:42 DEBUG DatabaseIntrospector:46 - Found column "items_num", data type 4, in table "mybatis..orderdetail"
